<?xml version="1.0" encoding="UTF-8"?>
<!-- Generated by org.testng.reporters.JUnitXMLReporter -->
<testsuite ignored="0" hostname="DESKTOP-KK438AF" failures="0" tests="4" name="Default test" time="12.78" errors="0" timestamp="2021-02-19T04:29:26 EST">
  <testcase classname="com.qa.bayernm.tests.HomePageTest" name="verifyLoginPageTitleTest" time="1.328"/>
  <testcase classname="com.qa.bayernm.tests.HomePageTest" name="isLoginLinkExist" time="0.237"/>
  <testcase classname="com.qa.bayernm.tests.HomePageTest" name="isFanStoreExist" time="0.045"/>
  <testcase classname="com.qa.bayernm.tests.HomePageTest" name="isShopLinkDisplayed" time="0.133"/>
</testsuite> <!-- Default test -->
