<?xml version="1.0" encoding="UTF-8"?>
<testng-results ignored="0" total="4" passed="4" failed="0" skipped="0">
  <reporter-output>
  </reporter-output>
  <suite started-at="2021-02-19T04:29:14 EST" name="Default suite" finished-at="2021-02-19T04:29:26 EST" duration-ms="12780">
    <groups>
    </groups>
    <test started-at="2021-02-19T04:29:14 EST" name="Default test" finished-at="2021-02-19T04:29:26 EST" duration-ms="12780">
      <class name="com.qa.bayernm.tests.HomePageTest">
        <test-method is-config="true" signature="setUp()[pri:0, instance:com.qa.bayernm.tests.HomePageTest@1d8bd0de]" started-at="2021-02-19T04:29:14 EST" name="setUp" finished-at="2021-02-19T04:29:23 EST" duration-ms="9831" status="PASS">
          <reporter-output>
          </reporter-output>
        </test-method> <!-- setUp -->
        <test-method signature="verifyLoginPageTitleTest()[pri:1, instance:com.qa.bayernm.tests.HomePageTest@1d8bd0de]" started-at="2021-02-19T04:29:23 EST" name="verifyLoginPageTitleTest" finished-at="2021-02-19T04:29:25 EST" duration-ms="1328" status="PASS">
          <reporter-output>
          </reporter-output>
        </test-method> <!-- verifyLoginPageTitleTest -->
        <test-method signature="isLoginLinkExist()[pri:2, instance:com.qa.bayernm.tests.HomePageTest@1d8bd0de]" started-at="2021-02-19T04:29:25 EST" name="isLoginLinkExist" finished-at="2021-02-19T04:29:25 EST" duration-ms="237" status="PASS">
          <reporter-output>
          </reporter-output>
        </test-method> <!-- isLoginLinkExist -->
        <test-method signature="isFanStoreExist()[pri:3, instance:com.qa.bayernm.tests.HomePageTest@1d8bd0de]" started-at="2021-02-19T04:29:25 EST" name="isFanStoreExist" finished-at="2021-02-19T04:29:25 EST" duration-ms="45" status="PASS">
          <reporter-output>
          </reporter-output>
        </test-method> <!-- isFanStoreExist -->
        <test-method signature="isShopLinkDisplayed()[pri:4, instance:com.qa.bayernm.tests.HomePageTest@1d8bd0de]" started-at="2021-02-19T04:29:25 EST" name="isShopLinkDisplayed" finished-at="2021-02-19T04:29:25 EST" duration-ms="133" status="PASS">
          <reporter-output>
          </reporter-output>
        </test-method> <!-- isShopLinkDisplayed -->
        <test-method is-config="true" signature="tearDown()[pri:0, instance:com.qa.bayernm.tests.HomePageTest@1d8bd0de]" started-at="2021-02-19T04:29:25 EST" name="tearDown" finished-at="2021-02-19T04:29:26 EST" duration-ms="1141" status="PASS">
          <reporter-output>
          </reporter-output>
        </test-method> <!-- tearDown -->
      </class> <!-- com.qa.bayernm.tests.HomePageTest -->
    </test> <!-- Default test -->
  </suite> <!-- Default suite -->
</testng-results>
